2026-01-22 12:40:42 [INFO] src.app.main: Starting DemeArizOil backend
2026-01-22 12:40:42 [INFO] src.app.init_data: Initial data check completed successfully
2026-01-22 12:40:42 [INFO] src.app.main: Starting DemeArizOil backend
2026-01-22 12:40:42 [INFO] src.app.init_data: Initial data check completed successfully
2026-01-22 12:40:42 [INFO] src.app.main: Starting DemeArizOil backend
2026-01-22 12:40:43 [INFO] src.app.init_data: Created initial admin user
2026-01-22 12:40:43 [INFO] src.app.init_data: Created DEME COMPANY stock location
2026-01-22 12:40:43 [INFO] src.app.init_data: Created DEME cash account
2026-01-22 12:40:43 [INFO] src.app.init_data: Initial data check completed successfully
2026-01-22 12:40:43 [INFO] src.app.controllers.auth_controller: Login request received
2026-01-22 12:40:43 [INFO] src.app.controllers.auth_controller: Fetching authenticated user data
2026-01-22 12:40:43 [INFO] src.app.main: Starting DemeArizOil backend
2026-01-22 12:40:43 [INFO] src.app.init_data: Created initial admin user
2026-01-22 12:40:43 [INFO] src.app.init_data: Created DEME COMPANY stock location
2026-01-22 12:40:43 [INFO] src.app.init_data: Created DEME cash account
2026-01-22 12:40:43 [INFO] src.app.init_data: Initial data check completed successfully
2026-01-22 12:40:44 [INFO] src.app.main: Starting DemeArizOil backend
2026-01-22 12:40:44 [INFO] src.app.init_data: Created initial admin user
2026-01-22 12:40:44 [INFO] src.app.init_data: Created DEME COMPANY stock location
2026-01-22 12:40:44 [INFO] src.app.init_data: Created DEME cash account
2026-01-22 12:40:44 [INFO] src.app.init_data: Initial data check completed successfully
2026-01-22 12:41:26 [INFO] src.app.main: Starting DemeArizOil backend
2026-01-22 12:41:26 [INFO] src.app.init_data: Created initial admin user
2026-01-22 12:41:26 [INFO] src.app.init_data: Created DEME COMPANY stock location
2026-01-22 12:41:26 [INFO] src.app.init_data: Created DEME cash account
2026-01-22 12:41:26 [INFO] src.app.init_data: Initial data check completed successfully
2026-01-22 12:57:49 [INFO] src.app.main: Starting DemeArizOil backend
2026-01-22 12:57:49 [INFO] src.app.init_data: Initial data check completed successfully
2026-01-22 12:57:49 [INFO] src.app.main: Starting DemeArizOil backend
2026-01-22 12:57:49 [INFO] src.app.init_data: Initial data check completed successfully
2026-01-22 12:57:49 [INFO] src.app.main: Starting DemeArizOil backend
2026-01-22 12:57:49 [INFO] src.app.init_data: Created initial admin user
2026-01-22 12:57:49 [INFO] src.app.init_data: Created DEME COMPANY stock location
2026-01-22 12:57:49 [INFO] src.app.init_data: Created DEME cash account
2026-01-22 12:57:49 [INFO] src.app.init_data: Initial data check completed successfully
2026-01-22 12:57:49 [INFO] src.app.controllers.auth_controller: Login request received
2026-01-22 12:57:49 [INFO] src.app.controllers.auth_controller: Fetching authenticated user data
2026-01-22 12:57:49 [INFO] src.app.main: Starting DemeArizOil backend
2026-01-22 12:57:50 [INFO] src.app.init_data: Created initial admin user
2026-01-22 12:57:50 [INFO] src.app.init_data: Created DEME COMPANY stock location
2026-01-22 12:57:50 [INFO] src.app.init_data: Created DEME cash account
2026-01-22 12:57:50 [INFO] src.app.init_data: Initial data check completed successfully
2026-01-22 12:57:50 [INFO] src.app.main: Starting DemeArizOil backend
2026-01-22 12:57:50 [INFO] src.app.init_data: Created initial admin user
2026-01-22 12:57:50 [INFO] src.app.init_data: Created DEME COMPANY stock location
2026-01-22 12:57:50 [INFO] src.app.init_data: Created DEME cash account
2026-01-22 12:57:50 [INFO] src.app.init_data: Initial data check completed successfully
